1565368683658	mozrunner::runner	INFO	Running command: "/usr/bin/firefox" "-marionette" "-foreground" "-no-remote" "-profile" "/tmp/rust_mozprofile.GFqyYBiWJiaF"
1565368683957	addons.webextension.screenshots@mozilla.org	WARN	Loading extension 'screenshots@mozilla.org': Reading manifest: Invalid extension permission: mozillaAddons
1565368683957	addons.webextension.screenshots@mozilla.org	WARN	Loading extension 'screenshots@mozilla.org': Reading manifest: Invalid extension permission: telemetry
1565368683957	addons.webextension.screenshots@mozilla.org	WARN	Loading extension 'screenshots@mozilla.org': Reading manifest: Invalid extension permission: resource://pdf.js/
1565368683957	addons.webextension.screenshots@mozilla.org	WARN	Loading extension 'screenshots@mozilla.org': Reading manifest: Invalid extension permission: about:reader*
1565368685113	Marionette	INFO	Listening on port 44151
1565368685162	Marionette	WARN	TLS certificate errors will be ignored for this session

(/usr/lib/firefox/firefox:9599): dconf-WARNING **: 18:38:05.249: Unable to open /var/lib/snapd/desktop/dconf/profile/user: Permission denied
1565368731952	mozrunner::runner	INFO	Running command: "/usr/bin/firefox" "-marionette" "-foreground" "-no-remote" "-profile" "/tmp/rust_mozprofile.xT6CQ5K2NO3L"
1565368732245	addons.webextension.screenshots@mozilla.org	WARN	Loading extension 'screenshots@mozilla.org': Reading manifest: Invalid extension permission: mozillaAddons
1565368732245	addons.webextension.screenshots@mozilla.org	WARN	Loading extension 'screenshots@mozilla.org': Reading manifest: Invalid extension permission: telemetry
1565368732245	addons.webextension.screenshots@mozilla.org	WARN	Loading extension 'screenshots@mozilla.org': Reading manifest: Invalid extension permission: resource://pdf.js/
1565368732245	addons.webextension.screenshots@mozilla.org	WARN	Loading extension 'screenshots@mozilla.org': Reading manifest: Invalid extension permission: about:reader*
1565368733324	Marionette	INFO	Listening on port 41787
1565368733356	Marionette	WARN	TLS certificate errors will be ignored for this session

(/usr/lib/firefox/firefox:9891): dconf-WARNING **: 18:38:53.481: Unable to open /var/lib/snapd/desktop/dconf/profile/user: Permission denied
[Parent 9811, Gecko_IOThread] WARNING: pipe error (87): Connection reset by peer: file /build/firefox-FnSWHN/firefox-68.0.1+build1/ipc/chromium/src/chrome/common/ipc_channel_posix.cc, line 358
1565368832123	Marionette	INFO	Stopped listening on port 41787
1565369385552	mozrunner::runner	INFO	Running command: "/usr/bin/firefox" "-marionette" "-foreground" "-no-remote" "-profile" "/tmp/rust_mozprofile.ZNLbRqYLFUJ1"
1565369385848	addons.webextension.screenshots@mozilla.org	WARN	Loading extension 'screenshots@mozilla.org': Reading manifest: Invalid extension permission: mozillaAddons
1565369385848	addons.webextension.screenshots@mozilla.org	WARN	Loading extension 'screenshots@mozilla.org': Reading manifest: Invalid extension permission: telemetry
1565369385848	addons.webextension.screenshots@mozilla.org	WARN	Loading extension 'screenshots@mozilla.org': Reading manifest: Invalid extension permission: resource://pdf.js/
1565369385848	addons.webextension.screenshots@mozilla.org	WARN	Loading extension 'screenshots@mozilla.org': Reading manifest: Invalid extension permission: about:reader*
1565369386870	Marionette	INFO	Listening on port 37015
1565369386957	Marionette	WARN	TLS certificate errors will be ignored for this session

(/usr/lib/firefox/firefox:10930): dconf-WARNING **: 18:49:47.050: Unable to open /var/lib/snapd/desktop/dconf/profile/user: Permission denied
[Parent 10849, Gecko_IOThread] WARNING: pipe error (96): Connection reset by peer: file /build/firefox-FnSWHN/firefox-68.0.1+build1/ipc/chromium/src/chrome/common/ipc_channel_posix.cc, line 358
[Parent 10849, Gecko_IOThread] WARNING: pipe error (85): Connection reset by peer: file /build/firefox-FnSWHN/firefox-68.0.1+build1/ipc/chromium/src/chrome/common/ipc_channel_posix.cc, line 358
1565369389602	Marionette	INFO	Stopped listening on port 37015
console.error: BroadcastService: 
  receivedBroadcastMessage: handler for
  remote-settings/monitor_changes
  threw error:
  Message: Error: Polling for changes failed: http://%(server)s/dummy/blocklist//buckets/monitor/collections/changes/records?_expected=%221565344753436%22 is not a valid URL..
  Stack:
    remoteSettingsFunction/remoteSettings.pollChanges@resource://services-settings/remote-settings.js:201:13

[Parent 9519, Gecko_IOThread] WARNING: pipe error (85): Connection reset by peer: file /build/firefox-FnSWHN/firefox-68.0.1+build1/ipc/chromium/src/chrome/common/ipc_channel_posix.cc, line 358
[Parent 9519, Gecko_IOThread] WARNING: pipe error (96): Connection reset by peer: file /build/firefox-FnSWHN/firefox-68.0.1+build1/ipc/chromium/src/chrome/common/ipc_channel_posix.cc, line 358
1565370380421	Marionette	INFO	Stopped listening on port 44151
